[debug] [2022-07-21T09:39:50.587Z] ----------------------------------------------------------------------
[debug] [2022-07-21T09:39:50.589Z] Command:       C:\Program Files\nodejs\node.exe C:\Users\Admin\AppData\Roaming\npm\node_modules\firebase-tools\lib\bin\firebase.js init
[debug] [2022-07-21T09:39:50.590Z] CLI Version:   11.3.0
[debug] [2022-07-21T09:39:50.590Z] Platform:      win32
[debug] [2022-07-21T09:39:50.590Z] Node Version:  v16.15.1
[debug] [2022-07-21T09:39:50.592Z] Time:          Thu Jul 21 2022 11:39:50 GMT+0200 (South Africa Standard Time)
[debug] [2022-07-21T09:39:50.592Z] ----------------------------------------------------------------------
[debug] 
[debug] [2022-07-21T09:39:50.695Z] > command requires scopes: ["email","openid","https://www.googleapis.com/auth/cloudplatformprojects.readonly","https://www.googleapis.com/auth/firebase","https://www.googleapis.com/auth/cloud-platform"]
[debug] [2022-07-21T09:39:50.696Z] > authorizing via signed-in user (zoevanderschyff13@gmail.com)
[info] 
     ######## #### ########  ######## ########     ###     ######  ########
     ##        ##  ##     ## ##       ##     ##  ##   ##  ##       ##
     ######    ##  ########  ######   ########  #########  ######  ######
     ##        ##  ##    ##  ##       ##     ## ##     ##       ## ##
     ##       #### ##     ## ######## ########  ##     ##  ######  ########

You're about to initialize a Firebase project in this directory:

  C:\Users\Admin\Desktop\vue\vue-portfolio

Before we get started, keep in mind:

  * You are initializing within an existing Firebase project directory

[info] 
=== Project Setup
[info] 
[info] First, let's associate this project directory with a Firebase project.
[info] You can create multiple project aliases by running firebase use --add, 
[info] but for now we'll just set up a default project.
[info] 
[debug] [2022-07-21T09:39:58.083Z] Using project from CLI flag: vue-project-7fc06
[debug] [2022-07-21T09:39:58.088Z] >>> [apiv2][query] GET https://firebase.googleapis.com/v1beta1/projects/vue-project-7fc06 [none]
[debug] [2022-07-21T09:39:58.892Z] <<< [apiv2][status] GET https://firebase.googleapis.com/v1beta1/projects/vue-project-7fc06 200
[debug] [2022-07-21T09:39:58.893Z] <<< [apiv2][body] GET https://firebase.googleapis.com/v1beta1/projects/vue-project-7fc06 {"projectId":"vue-project-7fc06","projectNumber":"156783731790","displayName":"vue project","name":"projects/vue-project-7fc06","resources":{"hostingSite":"vue-project-7fc06"},"state":"ACTIVE"}
[info] i  Using project vue-project-7fc06 (vue project) 
[info] 
=== Hosting Setup
[info] 
[info] Your public directory is the folder (relative to your project directory) that
[info] will contain Hosting assets to be uploaded with firebase deploy. If you
[info] have a build process for your assets, use your build's output directory.
[info] 
[debug] [2022-07-21T09:40:06.796Z] >>> [apiv2][query] GET https://www.gstatic.com/firebasejs/releases.json [none]
[debug] [2022-07-21T09:40:07.395Z] <<< [apiv2][status] GET https://www.gstatic.com/firebasejs/releases.json 200
[debug] [2022-07-21T09:40:07.395Z] <<< [apiv2][body] GET https://www.gstatic.com/firebasejs/releases.json {"current":{"version":"9.9.0","browserURL":"https://www.gstatic.com/firebasejs/9.9.0/firebase.js","packageURL":"https://www.gstatic.com/firebasejs/9.9.0/firebase.tgz"},"live":{"version":"9.9","browserURL":"https://www.gstatic.com/firebasejs/live/9.9/firebase.js","packageURL":"https://www.gstatic.com/firebasejs/live/9.9/firebase.tgz"},"components":{"analytics":"https://www.gstatic.com/firebasejs/9.9.0/firebase-analytics.js","app":"https://www.gstatic.com/firebasejs/9.9.0/firebase-app.js","app-check":"https://www.gstatic.com/firebasejs/9.9.0/firebase-app-check.js","auth":"https://www.gstatic.com/firebasejs/9.9.0/firebase-auth.js","auth/cordova":"https://www.gstatic.com/firebasejs/9.9.0/firebase-auth/cordova.js","auth/react-native":"https://www.gstatic.com/firebasejs/9.9.0/firebase-auth/react-native.js","functions":"https://www.gstatic.com/firebasejs/9.9.0/firebase-functions.js","firestore":"https://www.gstatic.com/firebasejs/9.9.0/firebase-firestore.js","firestore/lite":"https://www.gstatic.com/firebasejs/9.9.0/firebase-firestore/lite.js","installations":"https://www.gstatic.com/firebasejs/9.9.0/firebase-installations.js","storage":"https://www.gstatic.com/firebasejs/9.9.0/firebase-storage.js","performance":"https://www.gstatic.com/firebasejs/9.9.0/firebase-performance.js","remote-config":"https://www.gstatic.com/firebasejs/9.9.0/firebase-remote-config.js","messaging":"https://www.gstatic.com/firebasejs/9.9.0/firebase-messaging.js","messaging/sw":"https://www.gstatic.com/firebasejs/9.9.0/firebase-messaging/sw.js","database":"https://www.gstatic.com/firebasejs/9.9.0/firebase-database.js","firestore.memory":"https://www.gstatic.com/firebasejs/9.9.0/firebase-firestore.memory.js"}}
[info] +  Wrote dist/index.html 
[info] 
[info] i  Detected a .git folder at C:\Users\Admin\Desktop\vue\vue-portfolio 
[info] i  Authorizing with GitHub to upload your service account to a GitHub repository's secrets store. 
[info] 
[info] Visit this URL on this device to log in:
[info] https://github.com/login/oauth/authorize?client_id=89cf50f02ac6aaed3484&state=731208949&redirect_uri=http%3A%2F%2Flocalhost%3A9005&scope=read%3Auser%20repo%20public_repo
[info] 
[info] Waiting for authentication...
[debug] [2022-07-21T09:40:11.425Z] >>> [apiv2][query] POST https://github.com/login/oauth/access_token [none]
[debug] [2022-07-21T09:40:11.425Z] >>> [apiv2][body] POST https://github.com/login/oauth/access_token [stream]
[debug] [2022-07-21T09:40:12.389Z] <<< [apiv2][status] POST https://github.com/login/oauth/access_token 200
[debug] [2022-07-21T09:40:12.389Z] <<< [apiv2][body] POST https://github.com/login/oauth/access_token {"access_token":"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","token_type":"bearer","scope":"read:user,repo"}
[debug] [2022-07-21T09:40:12.410Z] >>> [apiv2][query] GET https://api.github.com/user [none]
[debug] [2022-07-21T09:40:13.344Z] <<< [apiv2][status] GET https://api.github.com/user 200
[debug] [2022-07-21T09:40:13.345Z] <<< [apiv2][body] GET https://api.github.com/user {"login":"zoevds","id":102951302,"node_id":"U_kgDOBiLphg","avatar_url":"https://avatars.githubusercontent.com/u/102951302?v=4","gravatar_id":"","url":"https://api.github.com/users/zoevds","html_url":"https://github.com/zoevds","followers_url":"https://api.github.com/users/zoevds/followers","following_url":"https://api.github.com/users/zoevds/following{/other_user}","gists_url":"https://api.github.com/users/zoevds/gists{/gist_id}","starred_url":"https://api.github.com/users/zoevds/starred{/owner}{/repo}","subscriptions_url":"https://api.github.com/users/zoevds/subscriptions","organizations_url":"https://api.github.com/users/zoevds/orgs","repos_url":"https://api.github.com/users/zoevds/repos","events_url":"https://api.github.com/users/zoevds/events{/privacy}","received_events_url":"https://api.github.com/users/zoevds/received_events","type":"User","site_admin":false,"name":null,"company":null,"blog":"","location":null,"email":null,"hireable":null,"bio":null,"twitter_username":null,"public_repos":15,"public_gists":0,"followers":0,"following":0,"created_at":"2022-04-04T08:05:40Z","updated_at":"2022-06-23T17:01:41Z","private_gists":0,"total_private_repos":0,"owned_private_repos":0,"disk_usage":221671,"collaborators":0,"two_factor_authentication":false,"plan":{"name":"free","space":976562499,"collaborators":0,"private_repos":10000}}
[info] 
[info] +  Success! Logged into GitHub as zoevds 
[info] 
[debug] [2022-07-21T09:40:56.961Z] >>> [apiv2][query] GET https://api.github.com/repos/zoevds/vue-portfolio	/actions/secrets/public-key type=owner
[debug] [2022-07-21T09:40:57.615Z] <<< [apiv2][status] GET https://api.github.com/repos/zoevds/vue-portfolio	/actions/secrets/public-key 404
[debug] [2022-07-21T09:40:57.615Z] <<< [apiv2][body] GET https://api.github.com/repos/zoevds/vue-portfolio	/actions/secrets/public-key {"message":"Not Found","documentation_url":"https://docs.github.com/rest/reference/actions#get-a-repository-public-key"}
[debug] [2022-07-21T09:41:02.528Z] >>> [apiv2][query] GET https://api.github.com/repos/zoevds/vue-portfolio	/actions/secrets/public-key type=owner
[debug] [2022-07-21T09:41:03.293Z] <<< [apiv2][status] GET https://api.github.com/repos/zoevds/vue-portfolio	/actions/secrets/public-key 404
[debug] [2022-07-21T09:41:03.294Z] <<< [apiv2][body] GET https://api.github.com/repos/zoevds/vue-portfolio	/actions/secrets/public-key {"message":"Not Found","documentation_url":"https://docs.github.com/rest/reference/actions#get-a-repository-public-key"}
[debug] [2022-07-21T09:41:04.508Z] >>> [apiv2][query] GET https://api.github.com/repos/zoevds/vue-portfolio	/actions/secrets/public-key type=owner
[debug] [2022-07-21T09:41:05.196Z] <<< [apiv2][status] GET https://api.github.com/repos/zoevds/vue-portfolio	/actions/secrets/public-key 404
[debug] [2022-07-21T09:41:05.196Z] <<< [apiv2][body] GET https://api.github.com/repos/zoevds/vue-portfolio	/actions/secrets/public-key {"message":"Not Found","documentation_url":"https://docs.github.com/rest/reference/actions#get-a-repository-public-key"}
[debug] [2022-07-21T09:41:28.848Z] >>> [apiv2][query] GET https://api.github.com/repos/zoevds/vue-portfolio/actions/secrets/public-key type=owner
[debug] [2022-07-21T09:41:29.570Z] <<< [apiv2][status] GET https://api.github.com/repos/zoevds/vue-portfolio/actions/secrets/public-key 404
[debug] [2022-07-21T09:41:29.570Z] <<< [apiv2][body] GET https://api.github.com/repos/zoevds/vue-portfolio/actions/secrets/public-key {"message":"Not Found","documentation_url":"https://docs.github.com/rest/reference/actions#get-a-repository-public-key"}
[debug] [2022-07-21T09:41:34.817Z] >>> [apiv2][query] GET https://api.github.com/repos/zoevds/vue-portfolio/actions/secrets/public-key type=owner
[debug] [2022-07-21T09:41:35.008Z] >>> [apiv2][query] GET https://api.github.com/repos//actions/secrets/public-key type=owner
[debug] [2022-07-21T09:41:35.190Z] >>> [apiv2][query] GET https://api.github.com/repos//actions/secrets/public-key type=owner
[debug] [2022-07-21T09:41:35.370Z] >>> [apiv2][query] GET https://api.github.com/repos//actions/secrets/public-key type=owner
[debug] [2022-07-21T09:41:35.479Z] <<< [apiv2][status] GET https://api.github.com/repos/zoevds/vue-portfolio/actions/secrets/public-key 404
[debug] [2022-07-21T09:41:35.479Z] <<< [apiv2][body] GET https://api.github.com/repos/zoevds/vue-portfolio/actions/secrets/public-key {"message":"Not Found","documentation_url":"https://docs.github.com/rest/reference/actions#get-a-repository-public-key"}
[debug] [2022-07-21T09:41:35.653Z] <<< [apiv2][status] GET https://api.github.com/repos//actions/secrets/public-key 404
[debug] [2022-07-21T09:41:35.654Z] <<< [apiv2][body] GET https://api.github.com/repos//actions/secrets/public-key {"message":"Not Found","documentation_url":"https://docs.github.com/rest"}
[debug] [2022-07-21T09:41:35.832Z] <<< [apiv2][status] GET https://api.github.com/repos//actions/secrets/public-key 404
[debug] [2022-07-21T09:41:35.833Z] <<< [apiv2][body] GET https://api.github.com/repos//actions/secrets/public-key {"message":"Not Found","documentation_url":"https://docs.github.com/rest"}
[debug] [2022-07-21T09:41:35.989Z] <<< [apiv2][status] GET https://api.github.com/repos//actions/secrets/public-key 404
[debug] [2022-07-21T09:41:35.989Z] <<< [apiv2][body] GET https://api.github.com/repos//actions/secrets/public-key {"message":"Not Found","documentation_url":"https://docs.github.com/rest"}
[debug] [2022-07-21T09:41:36.276Z] >>> [apiv2][query] GET https://api.github.com/repos/zoevds/vue-portfolio/actions/secrets/public-key type=owner
[debug] [2022-07-21T09:41:36.798Z] >>> [apiv2][query] GET https://api.github.com/repos//actions/secrets/public-key type=owner
[debug] [2022-07-21T09:41:36.906Z] <<< [apiv2][status] GET https://api.github.com/repos/zoevds/vue-portfolio/actions/secrets/public-key 404
[debug] [2022-07-21T09:41:36.906Z] <<< [apiv2][body] GET https://api.github.com/repos/zoevds/vue-portfolio/actions/secrets/public-key {"message":"Not Found","documentation_url":"https://docs.github.com/rest/reference/actions#get-a-repository-public-key"}
[debug] [2022-07-21T09:41:37.078Z] >>> [apiv2][query] GET https://api.github.com/repos/zoevds/vue-portfolio/actions/secrets/public-key type=owner
[debug] [2022-07-21T09:41:37.437Z] <<< [apiv2][status] GET https://api.github.com/repos//actions/secrets/public-key 404
[debug] [2022-07-21T09:41:37.438Z] <<< [apiv2][body] GET https://api.github.com/repos//actions/secrets/public-key {"message":"Not Found","documentation_url":"https://docs.github.com/rest"}
[debug] [2022-07-21T09:41:37.722Z] <<< [apiv2][status] GET https://api.github.com/repos/zoevds/vue-portfolio/actions/secrets/public-key 404
[debug] [2022-07-21T09:41:37.722Z] <<< [apiv2][body] GET https://api.github.com/repos/zoevds/vue-portfolio/actions/secrets/public-key {"message":"Not Found","documentation_url":"https://docs.github.com/rest/reference/actions#get-a-repository-public-key"}
[debug] [2022-07-21T09:41:38.718Z] >>> [apiv2][query] GET https://api.github.com/repos/zoevds/vue-portfolio/actions/secrets/public-key type=owner
[debug] [2022-07-21T09:41:39.360Z] <<< [apiv2][status] GET https://api.github.com/repos/zoevds/vue-portfolio/actions/secrets/public-key 404
[debug] [2022-07-21T09:41:39.360Z] <<< [apiv2][body] GET https://api.github.com/repos/zoevds/vue-portfolio/actions/secrets/public-key {"message":"Not Found","documentation_url":"https://docs.github.com/rest/reference/actions#get-a-repository-public-key"}
